0 info it worked if it ends with ok
1 verbose cli [ 'C:\\Program Files\\nodejs\\\\node.exe',
1 verbose cli   'C:\\Program Files\\nodejs\\node_modules\\npm\\bin\\npm-cli.js',
1 verbose cli   'install',
1 verbose cli   'JQuery' ]
2 info using npm@1.4.28
3 info using node@v0.10.35
4 verbose node symlink C:\Program Files\nodejs\\node.exe
5 verbose readDependencies using package.json deps
6 verbose cache add [ 'JQuery', null ]
7 verbose cache add name=undefined spec="JQuery" args=["JQuery",null]
8 verbose parsed url { protocol: null,
8 verbose parsed url   slashes: null,
8 verbose parsed url   auth: null,
8 verbose parsed url   host: null,
8 verbose parsed url   port: null,
8 verbose parsed url   hostname: null,
8 verbose parsed url   hash: null,
8 verbose parsed url   search: null,
8 verbose parsed url   query: null,
8 verbose parsed url   pathname: 'JQuery',
8 verbose parsed url   path: 'JQuery',
8 verbose parsed url   href: 'JQuery' }
9 silly lockFile e4e3bf5b-JQuery JQuery
10 verbose lock JQuery C:\Users\Mitchel\AppData\Roaming\npm-cache\e4e3bf5b-JQuery.lock
11 silly lockFile e4e3bf5b-JQuery JQuery
12 silly lockFile e4e3bf5b-JQuery JQuery
13 verbose addNamed [ 'JQuery', '' ]
14 verbose addNamed [ null, '*' ]
15 silly lockFile 6e5640c1-JQuery JQuery@
16 verbose lock JQuery@ C:\Users\Mitchel\AppData\Roaming\npm-cache\6e5640c1-JQuery.lock
17 silly addNameRange { name: 'JQuery', range: '*', hasData: false }
18 verbose request where is /JQuery
19 verbose request registry https://registry.npmjs.org/
20 verbose request id 616457bf7b7b51e3
21 verbose url raw /JQuery
22 verbose url resolving [ 'https://registry.npmjs.org/', './JQuery' ]
23 verbose url resolved https://registry.npmjs.org/JQuery
24 verbose request where is https://registry.npmjs.org/JQuery
25 info trying registry request attempt 1 at 11:20:17
26 http GET https://registry.npmjs.org/JQuery
27 http 404 https://registry.npmjs.org/JQuery
28 verbose headers { server: 'CouchDB/1.5.0 (Erlang OTP/R16B03)',
28 verbose headers   'content-type': 'application/json',
28 verbose headers   'cache-control': 'max-age=0',
28 verbose headers   'content-length': '51',
28 verbose headers   'accept-ranges': 'bytes',
28 verbose headers   date: 'Sun, 14 Jun 2015 16:20:17 GMT',
28 verbose headers   via: '1.1 varnish',
28 verbose headers   age: '0',
28 verbose headers   connection: 'keep-alive',
28 verbose headers   'x-served-by': 'cache-lax1425-LAX',
28 verbose headers   'x-cache': 'MISS',
28 verbose headers   'x-cache-hits': '0',
28 verbose headers   'x-timer': 'S1434298817.302000,VS0,VE78' }
29 silly registry.get cb [ 404,
29 silly registry.get   { server: 'CouchDB/1.5.0 (Erlang OTP/R16B03)',
29 silly registry.get     'content-type': 'application/json',
29 silly registry.get     'cache-control': 'max-age=0',
29 silly registry.get     'content-length': '51',
29 silly registry.get     'accept-ranges': 'bytes',
29 silly registry.get     date: 'Sun, 14 Jun 2015 16:20:17 GMT',
29 silly registry.get     via: '1.1 varnish',
29 silly registry.get     age: '0',
29 silly registry.get     connection: 'keep-alive',
29 silly registry.get     'x-served-by': 'cache-lax1425-LAX',
29 silly registry.get     'x-cache': 'MISS',
29 silly registry.get     'x-cache-hits': '0',
29 silly registry.get     'x-timer': 'S1434298817.302000,VS0,VE78' } ]
30 silly lockFile 6e5640c1-JQuery JQuery@
31 silly lockFile 6e5640c1-JQuery JQuery@
32 error 404 404 Not Found: JQuery
32 error 404
32 error 404 'JQuery' is not in the npm registry.
32 error 404 You should bug the author to publish it
32 error 404 It was specified as a dependency of 'Amoxtli'
32 error 404
32 error 404 Note that you can also install from a
32 error 404 tarball, folder, or http url, or git url.
33 error System Windows_NT 6.2.9200
34 error command "C:\\Program Files\\nodejs\\\\node.exe" "C:\\Program Files\\nodejs\\node_modules\\npm\\bin\\npm-cli.js" "install" "JQuery"
35 error cwd C:\Users\Mitchel\Desktop\Amoxtli\Amoxtli
36 error node -v v0.10.35
37 error npm -v 1.4.28
38 error code E404
39 verbose exit [ 1, true ]
